Flutter crash report.
Please report a bug at https://github.com/flutter/flutter/issues.

## command

flutter --no-color run --machine --track-widget-creation --device-id=emulator-5554 --start-paused --dart-define=flutter.inspector.structuredErrors=true lib/main.dart

## exception

SocketException: SocketException: Write failed (OS Error: Broken pipe, errno = 32), port = 0

```
#0      _NativeSocket.write (dart:io-patch/socket_patch.dart:1246:34)
#1      _RawSocket.write (dart:io-patch/socket_patch.dart:2004:15)
#2      _Socket._write (dart:io-patch/socket_patch.dart:2479:18)
#3      _SocketStreamConsumer.write (dart:io-patch/socket_patch.dart:2214:28)
#4      _SocketStreamConsumer.addStream.<anonymous closure> (dart:io-patch/socket_patch.dart:2168:11)
#5      _rootRunUnary (dart:async/zone.dart:1407:47)
#6      _CustomZone.runUnary (dart:async/zone.dart:1308:19)
#7      _CustomZone.runUnaryGuarded (dart:async/zone.dart:1217:7)
#8      _BufferingStreamSubscription._sendData (dart:async/stream_impl.dart:339:11)
#9      _BufferingStreamSubscription._add (dart:async/stream_impl.dart:271:7)
#10     _SyncStreamControllerDispatch._sendData (dart:async/stream_controller.dart:784:19)
#11     _StreamController._add (dart:async/stream_controller.dart:658:7)
#12     _StreamController.add (dart:async/stream_controller.dart:606:5)
#13     _StreamSinkImpl.add (dart:io/io_sink.dart:154:17)
#14     _IOSinkImpl.write (dart:io/io_sink.dart:287:5)
#15     _IOSinkImpl.writeln (dart:io/io_sink.dart:307:5)
#16     _Socket.writeln (dart:io-patch/socket_patch.dart:2314:45)
#17     _StdSink.writeln (dart:io/stdio.dart:342:11)
#18     DefaultResidentCompiler._compile (package:flutter_tools/src/compile.dart:905:20)
<asynchronous suspension>
#19     _CompilationRequest.run (package:flutter_tools/src/compile.dart:394:24)
<asynchronous suspension>
#20     DefaultResidentCompiler._handleCompilationRequest (package:flutter_tools/src/compile.dart:780:9)
<asynchronous suspension>
```

## flutter doctor

```
[!] Flutter (Channel stable, 3.19.2, on macOS 12.7.4 21H1123 darwin-x64, locale en-IN)
    • Flutter version 3.19.2 on channel stable at /Users/seyedismail/Desktop/flutterProject/lib/flutter
    ! The flutter binary is not on your path. Consider adding /Users/seyedismail/Desktop/flutterProject/lib/flutter/bin to your path.
    ! The dart binary is not on your path. Consider adding /Users/seyedismail/Desktop/flutterProject/lib/flutter/bin to your path.
    • Upstream repository https://github.com/flutter/flutter.git
    • Framework revision 7482962148 (4 weeks ago), 2024-02-27 16:51:22 -0500
    • Engine revision 04817c99c9
    • Dart version 3.3.0
    • DevTools version 2.31.1
    • If those were intentional, you can disregard the above warnings; however it is recommended to use "git" directly to perform update checks and upgrades.

[✓] Android toolchain - develop for Android devices (Android SDK version 34.0.0)
    • Android SDK at /Users/seyedismail/Library/Android/sdk
    • Platform android-34, build-tools 34.0.0
    • Java binary at: /Applications/Android Studio.app/Contents/jbr/Contents/Home/bin/java
    • Java version OpenJDK Runtime Environment (build 17.0.9+0-17.0.9b1087.7-11185874)
    • All Android licenses accepted.

[✓] Xcode - develop for iOS and macOS (Xcode 14.2)
    • Xcode at /Users/seyedismail/Downloads/Xcode.app/Contents/Developer
    • Build 14C18
    • CocoaPods version 1.14.2

[✓] Chrome - develop for the web
    • Chrome at /Applications/Google Chrome.app/Contents/MacOS/Google Chrome

[✓] Android Studio (version 2023.2)
    • Android Studio at /Applications/Android Studio.app/Contents
    • Flutter plugin can be installed from:
      🔨 https://plugins.jetbrains.com/plugin/9212-flutter
    • Dart plugin can be installed from:
      🔨 https://plugins.jetbrains.com/plugin/6351-dart
    • Java version OpenJDK Runtime Environment (build 17.0.9+0-17.0.9b1087.7-11185874)

[✓] VS Code (version 1.76.0)
    • VS Code at /Users/seyedismail/Downloads/Visual Studio Code-2.app/Contents
    • Flutter extension version 3.84.0

[✓] Connected device (3 available)
    • sdk gphone64 x86 64 (mobile) • emulator-5554 • android-x64    • Android 13 (API 33) (emulator)
    • macOS (desktop)              • macos         • darwin-x64     • macOS 12.7.4 21H1123 darwin-x64
    • Chrome (web)                 • chrome        • web-javascript • Google Chrome 123.0.6312.59

[✓] Network resources
    • All expected network resources are available.

! Doctor found issues in 1 category.
```
